<?xml version="1.0" encoding="UTF-8"?>
<!-- Generated by org.testng.reporters.JUnitReportReporter -->
<testsuite hostname="TECH-LP-1660" failures="0" tests="2" name="cucumberOptions.TestRunner" time="58.213" errors="0" timestamp="2023-01-06T00:37:05 IST" skipped="0">
  <testcase classname="cucumberOptions.TestRunner" name="runScenario" time="32.345"/>
  <system-out/>
  <testcase classname="cucumberOptions.TestRunner" name="runScenario" time="25.868"/>
  <system-out/>
</testsuite> <!-- cucumberOptions.TestRunner -->
